[2026-02-03T20:49:51.760Z] --- SERVER HANDLER STARTED ---
[2026-02-03T20:50:02.110Z] --- SERVER HANDLER STARTED ---
[2026-02-03T20:50:28.352Z] --- SERVER HANDLER STARTED ---
[2026-02-03T20:50:53.223Z] CLIENT CONNECTED: 8XKaenZmwxg0OZ9rAAAB
[2026-02-03T20:50:54.873Z] SOCKET_EVENT: [quick_join] from 8XKaenZmwxg0OZ9rAAAB
[2026-02-03T20:50:54.874Z] EVENT: quick_join received from 8XKaenZmwxg0OZ9rAAAB
[2026-02-03T20:50:54.874Z] QUICK_JOIN: findQuickRoom returned null
[2026-02-03T20:50:54.875Z] QUICK_JOIN: Creating new room...
[2026-02-03T20:50:54.875Z] QUICK_JOIN: createRoom success. Code: J7FX9S
[2026-02-03T20:50:54.876Z] QUICK_JOIN: Create flow completed for J7FX9S
[2026-02-03T20:51:03.770Z] SOCKET_EVENT: [start_game] from 8XKaenZmwxg0OZ9rAAAB
[2026-02-03T21:44:28.555Z] --- SERVER HANDLER STARTED ---
[2026-02-04T11:24:36.871Z] --- SERVER HANDLER STARTED ---
[2026-02-04T19:13:34.559Z] CLIENT CONNECTED: ugfIZvDSb7SDtzINAAAB
[2026-02-04T19:13:36.130Z] SOCKET_EVENT: [quick_join] from ugfIZvDSb7SDtzINAAAB
[2026-02-04T19:13:36.131Z] EVENT: quick_join received from ugfIZvDSb7SDtzINAAAB
[2026-02-04T19:13:36.131Z] QUICK_JOIN: findQuickRoom returned null
[2026-02-04T19:13:36.132Z] QUICK_JOIN: Creating new room...
[2026-02-04T19:13:36.132Z] QUICK_JOIN: createRoom success. Code: 1F32NE
[2026-02-04T19:13:36.133Z] QUICK_JOIN: Create flow completed for 1F32NE
[2026-02-04T19:13:37.610Z] SOCKET_EVENT: [debug_add_bot] from ugfIZvDSb7SDtzINAAAB
[2026-02-04T19:13:38.414Z] SOCKET_EVENT: [debug_add_bot] from ugfIZvDSb7SDtzINAAAB
[2026-02-04T19:13:39.542Z] SOCKET_EVENT: [start_game] from ugfIZvDSb7SDtzINAAAB
[2026-02-04T19:33:13.267Z] --- SERVER HANDLER STARTED ---
[2026-02-04T19:33:13.630Z] CLIENT CONNECTED: mK0i5acQ52tC7UXaAAAB
[2026-02-04T19:33:40.129Z] CLIENT CONNECTED: VHIeskA-59-tITVrAAAD
[2026-02-04T19:33:41.295Z] SOCKET_EVENT: [quick_join] from VHIeskA-59-tITVrAAAD
[2026-02-04T19:33:41.296Z] EVENT: quick_join received from VHIeskA-59-tITVrAAAD
[2026-02-04T19:33:41.296Z] QUICK_JOIN: findQuickRoom returned null
[2026-02-04T19:33:41.296Z] QUICK_JOIN: Creating new room...
[2026-02-04T19:33:41.297Z] QUICK_JOIN: createRoom success. Code: NXV9ZY
[2026-02-04T19:33:41.297Z] QUICK_JOIN: Create flow completed for NXV9ZY
[2026-02-04T19:33:42.766Z] SOCKET_EVENT: [debug_add_bot] from VHIeskA-59-tITVrAAAD
[2026-02-04T19:33:43.814Z] SOCKET_EVENT: [debug_add_bot] from VHIeskA-59-tITVrAAAD
[2026-02-04T19:33:45.206Z] SOCKET_EVENT: [start_game] from VHIeskA-59-tITVrAAAD
[2026-02-04T20:49:05.471Z] --- SERVER HANDLER STARTED ---
[2026-02-05T00:30:15.429Z] CLIENT CONNECTED: D8Mp_HtsjisvDFjWAAAB
[2026-02-05T00:30:16.831Z] SOCKET_EVENT: [quick_join] from D8Mp_HtsjisvDFjWAAAB
[2026-02-05T00:30:16.832Z] EVENT: quick_join received from D8Mp_HtsjisvDFjWAAAB
[2026-02-05T00:30:16.833Z] QUICK_JOIN: findQuickRoom returned null
[2026-02-05T00:30:16.833Z] QUICK_JOIN: Creating new room...
[2026-02-05T00:30:16.834Z] QUICK_JOIN: createRoom success. Code: OQWW2H
[2026-02-05T00:30:16.836Z] QUICK_JOIN: Create flow completed for OQWW2H
[2026-02-05T00:30:17.995Z] SOCKET_EVENT: [debug_add_bot] from D8Mp_HtsjisvDFjWAAAB
[2026-02-05T00:30:18.585Z] SOCKET_EVENT: [debug_add_bot] from D8Mp_HtsjisvDFjWAAAB
[2026-02-05T00:30:19.633Z] SOCKET_EVENT: [start_game] from D8Mp_HtsjisvDFjWAAAB
[2026-02-05T00:36:24.764Z] CLIENT CONNECTED: QohZXsYo8nLxGYUoAAAD
[2026-02-05T00:36:29.215Z] SOCKET_EVENT: [quick_join] from QohZXsYo8nLxGYUoAAAD
[2026-02-05T00:36:29.215Z] EVENT: quick_join received from QohZXsYo8nLxGYUoAAAD
[2026-02-05T00:36:29.215Z] QUICK_JOIN: findQuickRoom returned null
[2026-02-05T00:36:29.216Z] QUICK_JOIN: Creating new room...
[2026-02-05T00:36:29.216Z] QUICK_JOIN: createRoom success. Code: D7LQQL
[2026-02-05T00:36:29.216Z] QUICK_JOIN: Create flow completed for D7LQQL
[2026-02-05T00:36:30.697Z] SOCKET_EVENT: [debug_add_bot] from QohZXsYo8nLxGYUoAAAD
[2026-02-05T00:36:31.111Z] SOCKET_EVENT: [debug_add_bot] from QohZXsYo8nLxGYUoAAAD
[2026-02-05T00:36:31.691Z] SOCKET_EVENT: [start_game] from QohZXsYo8nLxGYUoAAAD
[2026-02-05T00:42:13.706Z] CLIENT CONNECTED: TlOAS-iaZkYLRTvUAAAF
[2026-02-05T00:42:14.467Z] SOCKET_EVENT: [quick_join] from TlOAS-iaZkYLRTvUAAAF
[2026-02-05T00:42:14.467Z] EVENT: quick_join received from TlOAS-iaZkYLRTvUAAAF
[2026-02-05T00:42:14.468Z] QUICK_JOIN: findQuickRoom returned null
[2026-02-05T00:42:14.468Z] QUICK_JOIN: Creating new room...
[2026-02-05T00:42:14.468Z] QUICK_JOIN: createRoom success. Code: USGRRV
[2026-02-05T00:42:14.469Z] QUICK_JOIN: Create flow completed for USGRRV
[2026-02-05T00:42:16.142Z] SOCKET_EVENT: [debug_add_bot] from TlOAS-iaZkYLRTvUAAAF
[2026-02-05T00:42:16.842Z] SOCKET_EVENT: [debug_add_bot] from TlOAS-iaZkYLRTvUAAAF
[2026-02-05T00:42:17.538Z] SOCKET_EVENT: [start_game] from TlOAS-iaZkYLRTvUAAAF
[2026-02-05T00:42:37.150Z] CLIENT CONNECTED: i6KEosEQF1uj2aCPAAAH
[2026-02-05T00:42:41.069Z] SOCKET_EVENT: [quick_join] from i6KEosEQF1uj2aCPAAAH
[2026-02-05T00:42:41.070Z] EVENT: quick_join received from i6KEosEQF1uj2aCPAAAH
[2026-02-05T00:42:41.070Z] QUICK_JOIN: findQuickRoom returned null
[2026-02-05T00:42:41.070Z] QUICK_JOIN: Creating new room...
[2026-02-05T00:42:41.070Z] QUICK_JOIN: createRoom success. Code: Z6CT03
[2026-02-05T00:42:41.071Z] QUICK_JOIN: Create flow completed for Z6CT03
[2026-02-05T00:42:43.120Z] SOCKET_EVENT: [debug_add_bot] from i6KEosEQF1uj2aCPAAAH
[2026-02-05T00:42:43.543Z] SOCKET_EVENT: [debug_add_bot] from i6KEosEQF1uj2aCPAAAH
[2026-02-05T00:42:43.923Z] SOCKET_EVENT: [debug_add_bot] from i6KEosEQF1uj2aCPAAAH
[2026-02-05T00:42:44.344Z] SOCKET_EVENT: [debug_add_bot] from i6KEosEQF1uj2aCPAAAH
[2026-02-05T00:42:45.323Z] SOCKET_EVENT: [start_game] from i6KEosEQF1uj2aCPAAAH
[2026-02-05T00:59:29.889Z] CLIENT CONNECTED: DaIRw0NsqBxcyezOAAAJ
[2026-02-05T00:59:33.655Z] SOCKET_EVENT: [quick_join] from DaIRw0NsqBxcyezOAAAJ
[2026-02-05T00:59:33.655Z] EVENT: quick_join received from DaIRw0NsqBxcyezOAAAJ
[2026-02-05T00:59:33.656Z] QUICK_JOIN: findQuickRoom returned null
[2026-02-05T00:59:33.656Z] QUICK_JOIN: Creating new room...
[2026-02-05T00:59:33.657Z] QUICK_JOIN: createRoom success. Code: 8MRRYM
[2026-02-05T00:59:33.657Z] QUICK_JOIN: Create flow completed for 8MRRYM
[2026-02-05T00:59:35.130Z] SOCKET_EVENT: [debug_add_bot] from DaIRw0NsqBxcyezOAAAJ
[2026-02-05T00:59:35.879Z] SOCKET_EVENT: [debug_add_bot] from DaIRw0NsqBxcyezOAAAJ
[2026-02-05T00:59:36.494Z] SOCKET_EVENT: [start_game] from DaIRw0NsqBxcyezOAAAJ
[2026-02-05T11:30:21.846Z] --- SERVER HANDLER STARTED ---
[2026-02-05T20:30:32.846Z] CLIENT CONNECTED: OTrTedmfqFeLtp7zAAAB
[2026-02-05T20:30:40.727Z] SOCKET_EVENT: [quick_join] from OTrTedmfqFeLtp7zAAAB
[2026-02-05T20:30:40.727Z] EVENT: quick_join received from OTrTedmfqFeLtp7zAAAB
[2026-02-05T20:30:40.728Z] QUICK_JOIN: findQuickRoom returned null
[2026-02-05T20:30:40.728Z] QUICK_JOIN: Creating new room...
[2026-02-05T20:30:40.728Z] QUICK_JOIN: createRoom success. Code: 0IL3V2
[2026-02-05T20:30:40.729Z] QUICK_JOIN: Create flow completed for 0IL3V2
[2026-02-05T20:30:42.607Z] SOCKET_EVENT: [debug_add_bot] from OTrTedmfqFeLtp7zAAAB
[2026-02-05T20:30:43.255Z] SOCKET_EVENT: [debug_add_bot] from OTrTedmfqFeLtp7zAAAB
[2026-02-05T20:30:47.447Z] SOCKET_EVENT: [start_game] from OTrTedmfqFeLtp7zAAAB
[2026-02-05T20:42:17.990Z] CLIENT CONNECTED: ElGGJf30e8qbDLmFAAAD
[2026-02-05T20:42:19.677Z] SOCKET_EVENT: [quick_join] from ElGGJf30e8qbDLmFAAAD
[2026-02-05T20:42:19.678Z] EVENT: quick_join received from ElGGJf30e8qbDLmFAAAD
[2026-02-05T20:42:19.678Z] QUICK_JOIN: findQuickRoom returned null
[2026-02-05T20:42:19.678Z] QUICK_JOIN: Creating new room...
[2026-02-05T20:42:19.679Z] QUICK_JOIN: createRoom success. Code: FOU3E0
[2026-02-05T20:42:19.679Z] QUICK_JOIN: Create flow completed for FOU3E0
[2026-02-05T20:42:21.140Z] SOCKET_EVENT: [debug_add_bot] from ElGGJf30e8qbDLmFAAAD
[2026-02-05T20:42:21.884Z] SOCKET_EVENT: [debug_add_bot] from ElGGJf30e8qbDLmFAAAD
[2026-02-05T20:42:29.684Z] SOCKET_EVENT: [update_profile] from ElGGJf30e8qbDLmFAAAD
[2026-02-05T20:42:34.253Z] SOCKET_EVENT: [start_game] from ElGGJf30e8qbDLmFAAAD
[2026-02-05T20:42:41.164Z] CLIENT CONNECTED: eTaT5ubahI7JV5xoAAAF
[2026-02-05T20:42:42.373Z] SOCKET_EVENT: [quick_join] from eTaT5ubahI7JV5xoAAAF
[2026-02-05T20:42:42.374Z] EVENT: quick_join received from eTaT5ubahI7JV5xoAAAF
[2026-02-05T20:42:42.374Z] QUICK_JOIN: findQuickRoom returned null
[2026-02-05T20:42:42.374Z] QUICK_JOIN: Creating new room...
[2026-02-05T20:42:42.375Z] QUICK_JOIN: createRoom success. Code: LXIMNB
[2026-02-05T20:42:42.375Z] QUICK_JOIN: Create flow completed for LXIMNB
[2026-02-05T20:42:50.788Z] SOCKET_EVENT: [update_profile] from eTaT5ubahI7JV5xoAAAF
[2026-02-05T20:42:57.686Z] SOCKET_EVENT: [debug_add_bot] from eTaT5ubahI7JV5xoAAAF
[2026-02-05T20:42:58.261Z] SOCKET_EVENT: [debug_add_bot] from eTaT5ubahI7JV5xoAAAF
[2026-02-05T20:42:59.389Z] SOCKET_EVENT: [start_game] from eTaT5ubahI7JV5xoAAAF
[2026-02-05T20:43:04.106Z] SOCKET_EVENT: [admin_visual_update] from eTaT5ubahI7JV5xoAAAF
[2026-02-05T20:43:04.124Z] SOCKET_EVENT: [admin_visual_update] from eTaT5ubahI7JV5xoAAAF
[2026-02-05T20:43:04.130Z] SOCKET_EVENT: [admin_visual_update] from eTaT5ubahI7JV5xoAAAF
[2026-02-05T20:43:04.145Z] SOCKET_EVENT: [admin_visual_update] from eTaT5ubahI7JV5xoAAAF
[2026-02-05T20:43:04.158Z] SOCKET_EVENT: [admin_visual_update] from eTaT5ubahI7JV5xoAAAF
[2026-02-05T20:43:04.173Z] SOCKET_EVENT: [admin_visual_update] from eTaT5ubahI7JV5xoAAAF
[2026-02-05T20:43:04.186Z] SOCKET_EVENT: [admin_visual_update] from eTaT5ubahI7JV5xoAAAF
[2026-02-05T20:43:04.200Z] SOCKET_EVENT: [admin_visual_update] from eTaT5ubahI7JV5xoAAAF
[2026-02-05T20:43:04.230Z] SOCKET_EVENT: [admin_visual_update] from eTaT5ubahI7JV5xoAAAF
[2026-02-05T20:43:04.241Z] SOCKET_EVENT: [admin_visual_update] from eTaT5ubahI7JV5xoAAAF
[2026-02-05T20:43:04.269Z] SOCKET_EVENT: [admin_visual_update] from eTaT5ubahI7JV5xoAAAF
[2026-02-05T20:43:04.283Z] SOCKET_EVENT: [admin_visual_update] from eTaT5ubahI7JV5xoAAAF
[2026-02-05T20:43:04.290Z] SOCKET_EVENT: [admin_visual_update] from eTaT5ubahI7JV5xoAAAF
[2026-02-05T20:43:04.304Z] SOCKET_EVENT: [admin_visual_update] from eTaT5ubahI7JV5xoAAAF
[2026-02-05T20:43:04.318Z] SOCKET_EVENT: [admin_visual_update] from eTaT5ubahI7JV5xoAAAF
[2026-02-05T20:43:04.346Z] SOCKET_EVENT: [admin_visual_update] from eTaT5ubahI7JV5xoAAAF
[2026-02-05T20:43:04.360Z] SOCKET_EVENT: [admin_visual_update] from eTaT5ubahI7JV5xoAAAF
[2026-02-05T20:43:04.373Z] SOCKET_EVENT: [admin_visual_update] from eTaT5ubahI7JV5xoAAAF
[2026-02-05T20:43:04.387Z] SOCKET_EVENT: [admin_visual_update] from eTaT5ubahI7JV5xoAAAF
[2026-02-05T20:43:04.401Z] SOCKET_EVENT: [admin_visual_update] from eTaT5ubahI7JV5xoAAAF
[2026-02-05T20:43:04.640Z] SOCKET_EVENT: [admin_visual_update] from eTaT5ubahI7JV5xoAAAF
[2026-02-05T20:43:04.652Z] SOCKET_EVENT: [admin_visual_update] from eTaT5ubahI7JV5xoAAAF
[2026-02-05T20:43:04.665Z] SOCKET_EVENT: [admin_visual_update] from eTaT5ubahI7JV5xoAAAF
[2026-02-05T20:43:04.679Z] SOCKET_EVENT: [admin_visual_update] from eTaT5ubahI7JV5xoAAAF
[2026-02-05T20:43:04.693Z] SOCKET_EVENT: [admin_visual_update] from eTaT5ubahI7JV5xoAAAF
[2026-02-05T20:43:04.707Z] SOCKET_EVENT: [admin_visual_update] from eTaT5ubahI7JV5xoAAAF
[2026-02-05T20:43:04.721Z] SOCKET_EVENT: [admin_visual_update] from eTaT5ubahI7JV5xoAAAF
[2026-02-05T20:43:04.734Z] SOCKET_EVENT: [admin_visual_update] from eTaT5ubahI7JV5xoAAAF
[2026-02-05T20:43:04.748Z] SOCKET_EVENT: [admin_visual_update] from eTaT5ubahI7JV5xoAAAF
[2026-02-05T20:43:04.762Z] SOCKET_EVENT: [admin_visual_update] from eTaT5ubahI7JV5xoAAAF
[2026-02-05T20:43:04.784Z] SOCKET_EVENT: [admin_visual_update] from eTaT5ubahI7JV5xoAAAF
[2026-02-05T20:43:04.797Z] SOCKET_EVENT: [admin_visual_update] from eTaT5ubahI7JV5xoAAAF
[2026-02-05T20:43:04.839Z] SOCKET_EVENT: [admin_visual_update] from eTaT5ubahI7JV5xoAAAF
[2026-02-05T20:43:04.880Z] SOCKET_EVENT: [admin_visual_update] from eTaT5ubahI7JV5xoAAAF
[2026-02-05T20:43:04.894Z] SOCKET_EVENT: [admin_visual_update] from eTaT5ubahI7JV5xoAAAF
[2026-02-05T20:43:04.922Z] SOCKET_EVENT: [admin_visual_update] from eTaT5ubahI7JV5xoAAAF
[2026-02-05T20:43:04.950Z] SOCKET_EVENT: [admin_visual_update] from eTaT5ubahI7JV5xoAAAF
[2026-02-05T20:43:04.978Z] SOCKET_EVENT: [admin_visual_update] from eTaT5ubahI7JV5xoAAAF
[2026-02-05T20:43:04.985Z] SOCKET_EVENT: [admin_visual_update] from eTaT5ubahI7JV5xoAAAF
[2026-02-05T20:43:05.012Z] SOCKET_EVENT: [admin_visual_update] from eTaT5ubahI7JV5xoAAAF
[2026-02-05T20:43:05.026Z] SOCKET_EVENT: [admin_visual_update] from eTaT5ubahI7JV5xoAAAF
[2026-02-05T20:43:05.040Z] SOCKET_EVENT: [admin_visual_update] from eTaT5ubahI7JV5xoAAAF
[2026-02-05T20:43:05.054Z] SOCKET_EVENT: [admin_visual_update] from eTaT5ubahI7JV5xoAAAF
[2026-02-05T20:43:05.068Z] SOCKET_EVENT: [admin_visual_update] from eTaT5ubahI7JV5xoAAAF
[2026-02-05T20:43:05.110Z] SOCKET_EVENT: [admin_visual_update] from eTaT5ubahI7JV5xoAAAF
[2026-02-05T20:43:05.124Z] SOCKET_EVENT: [admin_visual_update] from eTaT5ubahI7JV5xoAAAF
[2026-02-05T20:43:05.144Z] SOCKET_EVENT: [admin_visual_update] from eTaT5ubahI7JV5xoAAAF
[2026-02-05T20:43:05.159Z] SOCKET_EVENT: [admin_visual_update] from eTaT5ubahI7JV5xoAAAF
[2026-02-05T20:43:06.266Z] SOCKET_EVENT: [admin_visual_update] from eTaT5ubahI7JV5xoAAAF
[2026-02-05T20:43:06.284Z] SOCKET_EVENT: [admin_visual_update] from eTaT5ubahI7JV5xoAAAF
[2026-02-05T20:43:06.297Z] SOCKET_EVENT: [admin_visual_update] from eTaT5ubahI7JV5xoAAAF
[2026-02-05T20:43:06.304Z] SOCKET_EVENT: [admin_visual_update] from eTaT5ubahI7JV5xoAAAF
[2026-02-05T20:43:06.319Z] SOCKET_EVENT: [admin_visual_update] from eTaT5ubahI7JV5xoAAAF
[2026-02-05T20:43:06.332Z] SOCKET_EVENT: [admin_visual_update] from eTaT5ubahI7JV5xoAAAF
[2026-02-05T20:43:06.346Z] SOCKET_EVENT: [admin_visual_update] from eTaT5ubahI7JV5xoAAAF
[2026-02-05T20:43:06.359Z] SOCKET_EVENT: [admin_visual_update] from eTaT5ubahI7JV5xoAAAF
[2026-02-05T20:43:06.373Z] SOCKET_EVENT: [admin_visual_update] from eTaT5ubahI7JV5xoAAAF
[2026-02-05T20:43:06.388Z] SOCKET_EVENT: [admin_visual_update] from eTaT5ubahI7JV5xoAAAF
[2026-02-05T20:43:06.429Z] SOCKET_EVENT: [admin_visual_update] from eTaT5ubahI7JV5xoAAAF
[2026-02-05T20:43:06.618Z] SOCKET_EVENT: [admin_visual_update] from eTaT5ubahI7JV5xoAAAF
[2026-02-05T20:43:06.630Z] SOCKET_EVENT: [admin_visual_update] from eTaT5ubahI7JV5xoAAAF
[2026-02-05T20:43:06.644Z] SOCKET_EVENT: [admin_visual_update] from eTaT5ubahI7JV5xoAAAF
[2026-02-05T20:43:06.651Z] SOCKET_EVENT: [admin_visual_update] from eTaT5ubahI7JV5xoAAAF
[2026-02-05T20:43:06.665Z] SOCKET_EVENT: [admin_visual_update] from eTaT5ubahI7JV5xoAAAF
[2026-02-05T20:43:06.679Z] SOCKET_EVENT: [admin_visual_update] from eTaT5ubahI7JV5xoAAAF
[2026-02-05T20:43:06.693Z] SOCKET_EVENT: [admin_visual_update] from eTaT5ubahI7JV5xoAAAF
[2026-02-05T20:43:06.707Z] SOCKET_EVENT: [admin_visual_update] from eTaT5ubahI7JV5xoAAAF
[2026-02-05T20:43:06.720Z] SOCKET_EVENT: [admin_visual_update] from eTaT5ubahI7JV5xoAAAF
[2026-02-05T20:43:06.735Z] SOCKET_EVENT: [admin_visual_update] from eTaT5ubahI7JV5xoAAAF
[2026-02-05T20:43:06.776Z] SOCKET_EVENT: [admin_visual_update] from eTaT5ubahI7JV5xoAAAF
[2026-02-05T20:43:06.790Z] SOCKET_EVENT: [admin_visual_update] from eTaT5ubahI7JV5xoAAAF
[2026-02-05T20:43:06.804Z] SOCKET_EVENT: [admin_visual_update] from eTaT5ubahI7JV5xoAAAF
[2026-02-05T20:43:06.825Z] SOCKET_EVENT: [admin_visual_update] from eTaT5ubahI7JV5xoAAAF
[2026-02-05T20:43:06.838Z] SOCKET_EVENT: [admin_visual_update] from eTaT5ubahI7JV5xoAAAF
[2026-02-05T20:43:06.880Z] SOCKET_EVENT: [admin_visual_update] from eTaT5ubahI7JV5xoAAAF
[2026-02-05T20:43:06.923Z] SOCKET_EVENT: [admin_visual_update] from eTaT5ubahI7JV5xoAAAF
[2026-02-05T20:43:06.950Z] SOCKET_EVENT: [admin_visual_update] from eTaT5ubahI7JV5xoAAAF
[2026-02-05T20:43:06.963Z] SOCKET_EVENT: [admin_visual_update] from eTaT5ubahI7JV5xoAAAF
[2026-02-05T20:43:06.985Z] SOCKET_EVENT: [admin_visual_update] from eTaT5ubahI7JV5xoAAAF
[2026-02-05T20:43:06.998Z] SOCKET_EVENT: [admin_visual_update] from eTaT5ubahI7JV5xoAAAF
[2026-02-05T20:43:07.013Z] SOCKET_EVENT: [admin_visual_update] from eTaT5ubahI7JV5xoAAAF
[2026-02-05T20:43:07.026Z] SOCKET_EVENT: [admin_visual_update] from eTaT5ubahI7JV5xoAAAF
[2026-02-05T20:43:07.278Z] SOCKET_EVENT: [admin_visual_update] from eTaT5ubahI7JV5xoAAAF
[2026-02-05T20:43:07.299Z] SOCKET_EVENT: [admin_visual_update] from eTaT5ubahI7JV5xoAAAF
[2026-02-05T20:43:07.311Z] SOCKET_EVENT: [admin_visual_update] from eTaT5ubahI7JV5xoAAAF
[2026-02-05T20:43:07.325Z] SOCKET_EVENT: [admin_visual_update] from eTaT5ubahI7JV5xoAAAF
[2026-02-05T20:43:07.332Z] SOCKET_EVENT: [admin_visual_update] from eTaT5ubahI7JV5xoAAAF
[2026-02-05T20:43:07.346Z] SOCKET_EVENT: [admin_visual_update] from eTaT5ubahI7JV5xoAAAF
[2026-02-05T20:43:07.359Z] SOCKET_EVENT: [admin_visual_update] from eTaT5ubahI7JV5xoAAAF
[2026-02-05T20:43:07.373Z] SOCKET_EVENT: [admin_visual_update] from eTaT5ubahI7JV5xoAAAF
[2026-02-05T20:43:07.387Z] SOCKET_EVENT: [admin_visual_update] from eTaT5ubahI7JV5xoAAAF
[2026-02-05T20:43:07.401Z] SOCKET_EVENT: [admin_visual_update] from eTaT5ubahI7JV5xoAAAF
[2026-02-05T20:43:07.415Z] SOCKET_EVENT: [admin_visual_update] from eTaT5ubahI7JV5xoAAAF
[2026-02-05T20:43:07.429Z] SOCKET_EVENT: [admin_visual_update] from eTaT5ubahI7JV5xoAAAF
[2026-02-05T20:43:07.443Z] SOCKET_EVENT: [admin_visual_update] from eTaT5ubahI7JV5xoAAAF
[2026-02-05T20:43:07.457Z] SOCKET_EVENT: [admin_visual_update] from eTaT5ubahI7JV5xoAAAF
[2026-02-05T20:43:07.471Z] SOCKET_EVENT: [admin_visual_update] from eTaT5ubahI7JV5xoAAAF
[2026-02-05T20:43:07.520Z] SOCKET_EVENT: [admin_visual_update] from eTaT5ubahI7JV5xoAAAF
[2026-02-05T20:43:07.533Z] SOCKET_EVENT: [admin_visual_update] from eTaT5ubahI7JV5xoAAAF
[2026-02-05T20:43:07.547Z] SOCKET_EVENT: [admin_visual_update] from eTaT5ubahI7JV5xoAAAF
[2026-02-05T20:43:07.561Z] SOCKET_EVENT: [admin_visual_update] from eTaT5ubahI7JV5xoAAAF
[2026-02-05T20:43:07.575Z] SOCKET_EVENT: [admin_visual_update] from eTaT5ubahI7JV5xoAAAF
[2026-02-05T20:43:07.589Z] SOCKET_EVENT: [admin_visual_update] from eTaT5ubahI7JV5xoAAAF
[2026-02-05T20:43:07.603Z] SOCKET_EVENT: [admin_visual_update] from eTaT5ubahI7JV5xoAAAF
[2026-02-05T20:43:07.616Z] SOCKET_EVENT: [admin_visual_update] from eTaT5ubahI7JV5xoAAAF
[2026-02-05T20:43:07.630Z] SOCKET_EVENT: [admin_visual_update] from eTaT5ubahI7JV5xoAAAF
[2026-02-05T20:43:07.644Z] SOCKET_EVENT: [admin_visual_update] from eTaT5ubahI7JV5xoAAAF
[2026-02-05T20:43:07.651Z] SOCKET_EVENT: [admin_visual_update] from eTaT5ubahI7JV5xoAAAF
[2026-02-05T20:43:07.665Z] SOCKET_EVENT: [admin_visual_update] from eTaT5ubahI7JV5xoAAAF
[2026-02-05T20:43:07.679Z] SOCKET_EVENT: [admin_visual_update] from eTaT5ubahI7JV5xoAAAF
[2026-02-05T20:43:07.707Z] SOCKET_EVENT: [admin_visual_update] from eTaT5ubahI7JV5xoAAAF
[2026-02-05T20:43:08.152Z] SOCKET_EVENT: [admin_visual_update] from eTaT5ubahI7JV5xoAAAF
[2026-02-05T20:43:08.158Z] SOCKET_EVENT: [admin_visual_update] from eTaT5ubahI7JV5xoAAAF
[2026-02-05T20:43:08.173Z] SOCKET_EVENT: [admin_visual_update] from eTaT5ubahI7JV5xoAAAF
[2026-02-05T20:43:08.186Z] SOCKET_EVENT: [admin_visual_update] from eTaT5ubahI7JV5xoAAAF
[2026-02-05T20:43:08.200Z] SOCKET_EVENT: [admin_visual_update] from eTaT5ubahI7JV5xoAAAF
[2026-02-05T20:43:08.426Z] SOCKET_EVENT: [admin_visual_update] from eTaT5ubahI7JV5xoAAAF
[2026-02-05T20:43:08.443Z] SOCKET_EVENT: [admin_visual_update] from eTaT5ubahI7JV5xoAAAF
[2026-02-05T20:43:08.457Z] SOCKET_EVENT: [admin_visual_update] from eTaT5ubahI7JV5xoAAAF
[2026-02-05T20:43:08.479Z] SOCKET_EVENT: [admin_visual_update] from eTaT5ubahI7JV5xoAAAF
[2026-02-05T20:43:09.839Z] SOCKET_EVENT: [admin_visual_update] from eTaT5ubahI7JV5xoAAAF
[2026-02-05T20:43:09.866Z] SOCKET_EVENT: [admin_visual_update] from eTaT5ubahI7JV5xoAAAF
[2026-02-05T20:43:09.880Z] SOCKET_EVENT: [admin_visual_update] from eTaT5ubahI7JV5xoAAAF
[2026-02-05T20:43:09.894Z] SOCKET_EVENT: [admin_visual_update] from eTaT5ubahI7JV5xoAAAF
[2026-02-05T20:43:09.908Z] SOCKET_EVENT: [admin_visual_update] from eTaT5ubahI7JV5xoAAAF
[2026-02-05T20:43:09.922Z] SOCKET_EVENT: [admin_visual_update] from eTaT5ubahI7JV5xoAAAF
[2026-02-05T20:43:09.964Z] SOCKET_EVENT: [admin_visual_update] from eTaT5ubahI7JV5xoAAAF
[2026-02-05T20:43:10.186Z] SOCKET_EVENT: [admin_visual_update] from eTaT5ubahI7JV5xoAAAF
[2026-02-05T20:43:10.228Z] SOCKET_EVENT: [admin_visual_update] from eTaT5ubahI7JV5xoAAAF
[2026-02-05T20:43:10.269Z] SOCKET_EVENT: [admin_visual_update] from eTaT5ubahI7JV5xoAAAF
[2026-02-05T20:43:10.325Z] SOCKET_EVENT: [admin_visual_update] from eTaT5ubahI7JV5xoAAAF
[2026-02-05T20:43:10.575Z] SOCKET_EVENT: [admin_visual_update] from eTaT5ubahI7JV5xoAAAF
[2026-02-05T20:43:10.602Z] SOCKET_EVENT: [admin_visual_update] from eTaT5ubahI7JV5xoAAAF
[2026-02-05T20:43:10.644Z] SOCKET_EVENT: [admin_visual_update] from eTaT5ubahI7JV5xoAAAF
[2026-02-05T20:43:10.672Z] SOCKET_EVENT: [admin_visual_update] from eTaT5ubahI7JV5xoAAAF
[2026-02-05T20:43:10.707Z] SOCKET_EVENT: [admin_visual_update] from eTaT5ubahI7JV5xoAAAF
[2026-02-05T20:43:10.762Z] SOCKET_EVENT: [admin_visual_update] from eTaT5ubahI7JV5xoAAAF
[2026-02-05T20:43:10.964Z] SOCKET_EVENT: [admin_visual_update] from eTaT5ubahI7JV5xoAAAF
[2026-02-05T20:43:11.137Z] SOCKET_EVENT: [admin_visual_update] from eTaT5ubahI7JV5xoAAAF
[2026-02-05T20:43:11.561Z] SOCKET_EVENT: [admin_visual_update] from eTaT5ubahI7JV5xoAAAF
[2026-02-05T20:43:11.603Z] SOCKET_EVENT: [admin_visual_update] from eTaT5ubahI7JV5xoAAAF
[2026-02-05T20:43:11.686Z] SOCKET_EVENT: [admin_visual_update] from eTaT5ubahI7JV5xoAAAF
[2026-02-05T20:43:11.818Z] SOCKET_EVENT: [admin_visual_update] from eTaT5ubahI7JV5xoAAAF
[2026-02-05T20:43:11.964Z] SOCKET_EVENT: [admin_visual_update] from eTaT5ubahI7JV5xoAAAF
[2026-02-05T20:43:12.020Z] SOCKET_EVENT: [admin_visual_update] from eTaT5ubahI7JV5xoAAAF
[2026-02-05T20:43:12.137Z] SOCKET_EVENT: [admin_visual_update] from eTaT5ubahI7JV5xoAAAF
[2026-02-05T20:43:12.241Z] SOCKET_EVENT: [admin_visual_update] from eTaT5ubahI7JV5xoAAAF
[2026-02-05T20:43:12.297Z] SOCKET_EVENT: [admin_visual_update] from eTaT5ubahI7JV5xoAAAF
[2026-02-05T20:43:12.339Z] SOCKET_EVENT: [admin_visual_update] from eTaT5ubahI7JV5xoAAAF
[2026-02-05T20:43:12.373Z] SOCKET_EVENT: [admin_visual_update] from eTaT5ubahI7JV5xoAAAF
[2026-02-05T20:43:12.457Z] SOCKET_EVENT: [admin_visual_update] from eTaT5ubahI7JV5xoAAAF
[2026-02-05T20:43:12.561Z] SOCKET_EVENT: [admin_visual_update] from eTaT5ubahI7JV5xoAAAF
[2026-02-05T20:43:12.658Z] SOCKET_EVENT: [admin_visual_update] from eTaT5ubahI7JV5xoAAAF
[2026-02-05T20:43:12.800Z] SOCKET_EVENT: [admin_visual_update] from eTaT5ubahI7JV5xoAAAF
[2026-02-05T20:43:15.020Z] SOCKET_EVENT: [admin_visual_update] from eTaT5ubahI7JV5xoAAAF
[2026-02-05T20:43:15.061Z] SOCKET_EVENT: [admin_visual_update] from eTaT5ubahI7JV5xoAAAF
[2026-02-05T20:43:15.068Z] SOCKET_EVENT: [admin_visual_update] from eTaT5ubahI7JV5xoAAAF
[2026-02-05T20:43:15.097Z] SOCKET_EVENT: [admin_visual_update] from eTaT5ubahI7JV5xoAAAF
[2026-02-05T20:43:15.187Z] SOCKET_EVENT: [admin_visual_update] from eTaT5ubahI7JV5xoAAAF
[2026-02-05T20:43:15.241Z] SOCKET_EVENT: [admin_visual_update] from eTaT5ubahI7JV5xoAAAF
[2026-02-05T20:43:15.297Z] SOCKET_EVENT: [admin_visual_update] from eTaT5ubahI7JV5xoAAAF
[2026-02-05T20:43:15.339Z] SOCKET_EVENT: [admin_visual_update] from eTaT5ubahI7JV5xoAAAF
[2026-02-05T20:43:15.401Z] SOCKET_EVENT: [admin_visual_update] from eTaT5ubahI7JV5xoAAAF
[2026-02-05T20:43:15.631Z] SOCKET_EVENT: [admin_visual_update] from eTaT5ubahI7JV5xoAAAF
[2026-02-05T20:43:16.229Z] SOCKET_EVENT: [admin_visual_update] from eTaT5ubahI7JV5xoAAAF
[2026-02-05T20:43:16.255Z] SOCKET_EVENT: [admin_visual_update] from eTaT5ubahI7JV5xoAAAF
[2026-02-05T20:43:16.297Z] SOCKET_EVENT: [admin_visual_update] from eTaT5ubahI7JV5xoAAAF
[2026-02-05T20:43:16.325Z] SOCKET_EVENT: [admin_visual_update] from eTaT5ubahI7JV5xoAAAF
[2026-02-05T20:43:16.366Z] SOCKET_EVENT: [admin_visual_update] from eTaT5ubahI7JV5xoAAAF
[2026-02-05T20:43:16.603Z] SOCKET_EVENT: [admin_visual_update] from eTaT5ubahI7JV5xoAAAF
[2026-02-05T20:43:16.714Z] SOCKET_EVENT: [admin_visual_update] from eTaT5ubahI7JV5xoAAAF
[2026-02-05T20:43:16.748Z] SOCKET_EVENT: [admin_visual_update] from eTaT5ubahI7JV5xoAAAF
[2026-02-05T20:43:16.922Z] SOCKET_EVENT: [admin_visual_update] from eTaT5ubahI7JV5xoAAAF
[2026-02-05T20:43:17.061Z] SOCKET_EVENT: [admin_visual_update] from eTaT5ubahI7JV5xoAAAF
[2026-02-05T20:43:17.137Z] SOCKET_EVENT: [admin_visual_update] from eTaT5ubahI7JV5xoAAAF
[2026-02-05T20:43:17.179Z] SOCKET_EVENT: [admin_visual_update] from eTaT5ubahI7JV5xoAAAF
[2026-02-05T20:43:17.255Z] SOCKET_EVENT: [admin_visual_update] from eTaT5ubahI7JV5xoAAAF
[2026-02-05T20:43:17.284Z] SOCKET_EVENT: [admin_visual_update] from eTaT5ubahI7JV5xoAAAF
[2026-02-05T20:43:17.353Z] SOCKET_EVENT: [admin_visual_update] from eTaT5ubahI7JV5xoAAAF
[2026-02-05T20:43:17.380Z] SOCKET_EVENT: [admin_visual_update] from eTaT5ubahI7JV5xoAAAF
[2026-02-05T20:43:17.457Z] SOCKET_EVENT: [admin_visual_update] from eTaT5ubahI7JV5xoAAAF
[2026-02-05T20:43:17.512Z] SOCKET_EVENT: [admin_visual_update] from eTaT5ubahI7JV5xoAAAF
[2026-02-05T20:43:17.535Z] SOCKET_EVENT: [admin_visual_update] from eTaT5ubahI7JV5xoAAAF
[2026-02-05T20:43:18.257Z] SOCKET_EVENT: [admin_visual_update] from eTaT5ubahI7JV5xoAAAF
[2026-02-05T20:43:18.269Z] SOCKET_EVENT: [admin_visual_update] from eTaT5ubahI7JV5xoAAAF
[2026-02-05T20:43:18.295Z] SOCKET_EVENT: [admin_visual_update] from eTaT5ubahI7JV5xoAAAF
[2026-02-05T20:43:18.311Z] SOCKET_EVENT: [admin_visual_update] from eTaT5ubahI7JV5xoAAAF
[2026-02-05T20:43:18.335Z] SOCKET_EVENT: [admin_visual_update] from eTaT5ubahI7JV5xoAAAF
[2026-02-05T20:43:18.354Z] SOCKET_EVENT: [admin_visual_update] from eTaT5ubahI7JV5xoAAAF
[2026-02-05T20:43:18.375Z] SOCKET_EVENT: [admin_visual_update] from eTaT5ubahI7JV5xoAAAF
[2026-02-05T20:43:18.394Z] SOCKET_EVENT: [admin_visual_update] from eTaT5ubahI7JV5xoAAAF
[2026-02-05T20:43:18.415Z] SOCKET_EVENT: [admin_visual_update] from eTaT5ubahI7JV5xoAAAF
[2026-02-05T20:43:18.429Z] SOCKET_EVENT: [admin_visual_update] from eTaT5ubahI7JV5xoAAAF
[2026-02-05T20:43:18.455Z] SOCKET_EVENT: [admin_visual_update] from eTaT5ubahI7JV5xoAAAF
[2026-02-05T20:43:18.471Z] SOCKET_EVENT: [admin_visual_update] from eTaT5ubahI7JV5xoAAAF
[2026-02-05T20:43:18.495Z] SOCKET_EVENT: [admin_visual_update] from eTaT5ubahI7JV5xoAAAF
[2026-02-05T20:43:18.513Z] SOCKET_EVENT: [admin_visual_update] from eTaT5ubahI7JV5xoAAAF
[2026-02-05T20:43:18.535Z] SOCKET_EVENT: [admin_visual_update] from eTaT5ubahI7JV5xoAAAF
[2026-02-05T20:43:18.555Z] SOCKET_EVENT: [admin_visual_update] from eTaT5ubahI7JV5xoAAAF
[2026-02-05T20:43:18.575Z] SOCKET_EVENT: [admin_visual_update] from eTaT5ubahI7JV5xoAAAF
[2026-02-05T20:43:18.602Z] SOCKET_EVENT: [admin_visual_update] from eTaT5ubahI7JV5xoAAAF
[2026-02-05T20:43:18.628Z] SOCKET_EVENT: [admin_visual_update] from eTaT5ubahI7JV5xoAAAF
[2026-02-05T20:43:18.672Z] SOCKET_EVENT: [admin_visual_update] from eTaT5ubahI7JV5xoAAAF
[2026-02-05T20:43:18.714Z] SOCKET_EVENT: [admin_visual_update] from eTaT5ubahI7JV5xoAAAF
[2026-02-05T20:43:18.755Z] SOCKET_EVENT: [admin_visual_update] from eTaT5ubahI7JV5xoAAAF
[2026-02-05T20:43:18.775Z] SOCKET_EVENT: [admin_visual_update] from eTaT5ubahI7JV5xoAAAF
[2026-02-05T20:43:20.844Z] SOCKET_EVENT: [admin_visual_update] from eTaT5ubahI7JV5xoAAAF
[2026-02-05T20:43:20.978Z] SOCKET_EVENT: [admin_visual_update] from eTaT5ubahI7JV5xoAAAF
[2026-02-05T20:43:20.991Z] SOCKET_EVENT: [admin_visual_update] from eTaT5ubahI7JV5xoAAAF
[2026-02-05T20:43:21.005Z] SOCKET_EVENT: [admin_visual_update] from eTaT5ubahI7JV5xoAAAF
[2026-02-05T20:43:21.019Z] SOCKET_EVENT: [admin_visual_update] from eTaT5ubahI7JV5xoAAAF
[2026-02-05T20:43:21.033Z] SOCKET_EVENT: [admin_visual_update] from eTaT5ubahI7JV5xoAAAF
[2026-02-05T20:43:21.047Z] SOCKET_EVENT: [admin_visual_update] from eTaT5ubahI7JV5xoAAAF
[2026-02-05T20:43:21.061Z] SOCKET_EVENT: [admin_visual_update] from eTaT5ubahI7JV5xoAAAF
[2026-02-05T20:43:21.075Z] SOCKET_EVENT: [admin_visual_update] from eTaT5ubahI7JV5xoAAAF
[2026-02-05T20:43:21.089Z] SOCKET_EVENT: [admin_visual_update] from eTaT5ubahI7JV5xoAAAF
[2026-02-05T20:43:21.102Z] SOCKET_EVENT: [admin_visual_update] from eTaT5ubahI7JV5xoAAAF
[2026-02-05T20:43:21.109Z] SOCKET_EVENT: [admin_visual_update] from eTaT5ubahI7JV5xoAAAF
[2026-02-05T20:43:21.123Z] SOCKET_EVENT: [admin_visual_update] from eTaT5ubahI7JV5xoAAAF
[2026-02-05T20:43:21.151Z] SOCKET_EVENT: [admin_visual_update] from eTaT5ubahI7JV5xoAAAF
[2026-02-05T20:43:21.179Z] SOCKET_EVENT: [admin_visual_update] from eTaT5ubahI7JV5xoAAAF
[2026-02-05T20:43:21.193Z] SOCKET_EVENT: [admin_visual_update] from eTaT5ubahI7JV5xoAAAF
[2026-02-05T20:43:21.220Z] SOCKET_EVENT: [admin_visual_update] from eTaT5ubahI7JV5xoAAAF
[2026-02-05T20:43:21.234Z] SOCKET_EVENT: [admin_visual_update] from eTaT5ubahI7JV5xoAAAF
[2026-02-05T20:43:21.248Z] SOCKET_EVENT: [admin_visual_update] from eTaT5ubahI7JV5xoAAAF
[2026-02-05T20:43:21.596Z] SOCKET_EVENT: [admin_visual_update] from eTaT5ubahI7JV5xoAAAF
[2026-02-05T20:43:22.578Z] SOCKET_EVENT: [admin_visual_update] from eTaT5ubahI7JV5xoAAAF
[2026-02-05T20:43:22.623Z] SOCKET_EVENT: [admin_visual_update] from eTaT5ubahI7JV5xoAAAF
[2026-02-05T20:43:22.630Z] SOCKET_EVENT: [admin_visual_update] from eTaT5ubahI7JV5xoAAAF
[2026-02-05T20:43:22.644Z] SOCKET_EVENT: [admin_visual_update] from eTaT5ubahI7JV5xoAAAF
[2026-02-05T20:43:22.658Z] SOCKET_EVENT: [admin_visual_update] from eTaT5ubahI7JV5xoAAAF
[2026-02-05T20:43:22.672Z] SOCKET_EVENT: [admin_visual_update] from eTaT5ubahI7JV5xoAAAF
[2026-02-05T20:43:22.686Z] SOCKET_EVENT: [admin_visual_update] from eTaT5ubahI7JV5xoAAAF
[2026-02-05T20:43:22.700Z] SOCKET_EVENT: [admin_visual_update] from eTaT5ubahI7JV5xoAAAF
[2026-02-05T20:43:22.713Z] SOCKET_EVENT: [admin_visual_update] from eTaT5ubahI7JV5xoAAAF
[2026-02-05T20:43:22.728Z] SOCKET_EVENT: [admin_visual_update] from eTaT5ubahI7JV5xoAAAF
[2026-02-05T20:43:22.741Z] SOCKET_EVENT: [admin_visual_update] from eTaT5ubahI7JV5xoAAAF
[2026-02-05T20:43:22.755Z] SOCKET_EVENT: [admin_visual_update] from eTaT5ubahI7JV5xoAAAF
[2026-02-05T20:43:22.769Z] SOCKET_EVENT: [admin_visual_update] from eTaT5ubahI7JV5xoAAAF
[2026-02-05T20:43:22.784Z] SOCKET_EVENT: [admin_visual_update] from eTaT5ubahI7JV5xoAAAF
[2026-02-05T20:43:22.797Z] SOCKET_EVENT: [admin_visual_update] from eTaT5ubahI7JV5xoAAAF
[2026-02-05T20:43:22.804Z] SOCKET_EVENT: [admin_visual_update] from eTaT5ubahI7JV5xoAAAF
[2026-02-05T20:43:22.818Z] SOCKET_EVENT: [admin_visual_update] from eTaT5ubahI7JV5xoAAAF
[2026-02-05T20:43:22.834Z] SOCKET_EVENT: [admin_visual_update] from eTaT5ubahI7JV5xoAAAF
[2026-02-05T20:43:22.846Z] SOCKET_EVENT: [admin_visual_update] from eTaT5ubahI7JV5xoAAAF
[2026-02-05T20:43:22.859Z] SOCKET_EVENT: [admin_visual_update] from eTaT5ubahI7JV5xoAAAF
[2026-02-05T20:43:22.901Z] SOCKET_EVENT: [admin_visual_update] from eTaT5ubahI7JV5xoAAAF
[2026-02-05T20:43:23.277Z] SOCKET_EVENT: [admin_visual_update] from eTaT5ubahI7JV5xoAAAF
[2026-02-05T20:43:23.290Z] SOCKET_EVENT: [admin_visual_update] from eTaT5ubahI7JV5xoAAAF
[2026-02-05T20:43:23.297Z] SOCKET_EVENT: [admin_visual_update] from eTaT5ubahI7JV5xoAAAF
[2026-02-05T20:43:23.311Z] SOCKET_EVENT: [admin_visual_update] from eTaT5ubahI7JV5xoAAAF
[2026-02-05T20:43:23.325Z] SOCKET_EVENT: [admin_visual_update] from eTaT5ubahI7JV5xoAAAF
[2026-02-05T20:43:23.338Z] SOCKET_EVENT: [admin_visual_update] from eTaT5ubahI7JV5xoAAAF
[2026-02-05T20:43:23.352Z] SOCKET_EVENT: [admin_visual_update] from eTaT5ubahI7JV5xoAAAF
[2026-02-05T20:43:23.366Z] SOCKET_EVENT: [admin_visual_update] from eTaT5ubahI7JV5xoAAAF
[2026-02-05T20:43:23.380Z] SOCKET_EVENT: [admin_visual_update] from eTaT5ubahI7JV5xoAAAF
[2026-02-05T20:43:23.394Z] SOCKET_EVENT: [admin_visual_update] from eTaT5ubahI7JV5xoAAAF
[2026-02-05T20:43:23.450Z] SOCKET_EVENT: [admin_visual_update] from eTaT5ubahI7JV5xoAAAF
[2026-02-05T20:43:23.463Z] SOCKET_EVENT: [admin_visual_update] from eTaT5ubahI7JV5xoAAAF
[2026-02-05T20:43:23.477Z] SOCKET_EVENT: [admin_visual_update] from eTaT5ubahI7JV5xoAAAF
[2026-02-05T20:43:23.484Z] SOCKET_EVENT: [admin_visual_update] from eTaT5ubahI7JV5xoAAAF
[2026-02-05T20:43:23.498Z] SOCKET_EVENT: [admin_visual_update] from eTaT5ubahI7JV5xoAAAF
[2026-02-05T20:43:23.512Z] SOCKET_EVENT: [admin_visual_update] from eTaT5ubahI7JV5xoAAAF
[2026-02-05T20:43:23.526Z] SOCKET_EVENT: [admin_visual_update] from eTaT5ubahI7JV5xoAAAF
[2026-02-05T20:43:23.540Z] SOCKET_EVENT: [admin_visual_update] from eTaT5ubahI7JV5xoAAAF
[2026-02-05T20:43:23.554Z] SOCKET_EVENT: [admin_visual_update] from eTaT5ubahI7JV5xoAAAF
[2026-02-05T20:43:23.568Z] SOCKET_EVENT: [admin_visual_update] from eTaT5ubahI7JV5xoAAAF
[2026-02-05T20:43:23.582Z] SOCKET_EVENT: [admin_visual_update] from eTaT5ubahI7JV5xoAAAF
[2026-02-05T20:43:23.595Z] SOCKET_EVENT: [admin_visual_update] from eTaT5ubahI7JV5xoAAAF
[2026-02-05T20:43:23.609Z] SOCKET_EVENT: [admin_visual_update] from eTaT5ubahI7JV5xoAAAF
[2026-02-05T20:43:23.625Z] SOCKET_EVENT: [admin_visual_update] from eTaT5ubahI7JV5xoAAAF
[2026-02-05T20:43:23.630Z] SOCKET_EVENT: [admin_visual_update] from eTaT5ubahI7JV5xoAAAF
[2026-02-05T20:43:23.644Z] SOCKET_EVENT: [admin_visual_update] from eTaT5ubahI7JV5xoAAAF
[2026-02-05T20:43:23.672Z] SOCKET_EVENT: [admin_visual_update] from eTaT5ubahI7JV5xoAAAF
[2026-02-05T20:43:23.686Z] SOCKET_EVENT: [admin_visual_update] from eTaT5ubahI7JV5xoAAAF
[2026-02-05T20:43:23.714Z] SOCKET_EVENT: [admin_visual_update] from eTaT5ubahI7JV5xoAAAF
[2026-02-05T20:43:23.727Z] SOCKET_EVENT: [admin_visual_update] from eTaT5ubahI7JV5xoAAAF
[2026-02-05T20:43:23.741Z] SOCKET_EVENT: [admin_visual_update] from eTaT5ubahI7JV5xoAAAF
[2026-02-05T20:43:23.769Z] SOCKET_EVENT: [admin_visual_update] from eTaT5ubahI7JV5xoAAAF
[2026-02-05T20:43:23.825Z] SOCKET_EVENT: [admin_visual_update] from eTaT5ubahI7JV5xoAAAF
[2026-02-05T20:43:23.832Z] SOCKET_EVENT: [admin_visual_update] from eTaT5ubahI7JV5xoAAAF
[2026-02-05T20:43:23.846Z] SOCKET_EVENT: [admin_visual_update] from eTaT5ubahI7JV5xoAAAF
[2026-02-05T20:43:23.875Z] SOCKET_EVENT: [admin_visual_update] from eTaT5ubahI7JV5xoAAAF
[2026-02-05T20:43:23.887Z] SOCKET_EVENT: [admin_visual_update] from eTaT5ubahI7JV5xoAAAF
[2026-02-05T20:43:23.901Z] SOCKET_EVENT: [admin_visual_update] from eTaT5ubahI7JV5xoAAAF
[2026-02-05T20:43:23.915Z] SOCKET_EVENT: [admin_visual_update] from eTaT5ubahI7JV5xoAAAF
[2026-02-05T20:43:23.929Z] SOCKET_EVENT: [admin_visual_update] from eTaT5ubahI7JV5xoAAAF
[2026-02-05T20:43:23.957Z] SOCKET_EVENT: [admin_visual_update] from eTaT5ubahI7JV5xoAAAF
[2026-02-05T20:43:23.963Z] SOCKET_EVENT: [admin_visual_update] from eTaT5ubahI7JV5xoAAAF
[2026-02-05T20:43:23.991Z] SOCKET_EVENT: [admin_visual_update] from eTaT5ubahI7JV5xoAAAF
[2026-02-05T20:43:24.005Z] SOCKET_EVENT: [admin_visual_update] from eTaT5ubahI7JV5xoAAAF
[2026-02-05T20:43:24.033Z] SOCKET_EVENT: [admin_visual_update] from eTaT5ubahI7JV5xoAAAF
[2026-02-05T20:43:24.047Z] SOCKET_EVENT: [admin_visual_update] from eTaT5ubahI7JV5xoAAAF
[2026-02-05T20:43:24.061Z] SOCKET_EVENT: [admin_visual_update] from eTaT5ubahI7JV5xoAAAF
[2026-02-05T20:43:24.273Z] SOCKET_EVENT: [admin_visual_update] from eTaT5ubahI7JV5xoAAAF
[2026-02-05T20:43:24.290Z] SOCKET_EVENT: [admin_visual_update] from eTaT5ubahI7JV5xoAAAF
[2026-02-05T20:43:24.304Z] SOCKET_EVENT: [admin_visual_update] from eTaT5ubahI7JV5xoAAAF
[2026-02-05T20:43:24.311Z] SOCKET_EVENT: [admin_visual_update] from eTaT5ubahI7JV5xoAAAF
[2026-02-05T20:43:24.325Z] SOCKET_EVENT: [admin_visual_update] from eTaT5ubahI7JV5xoAAAF
[2026-02-05T20:43:24.338Z] SOCKET_EVENT: [admin_visual_update] from eTaT5ubahI7JV5xoAAAF
[2026-02-05T20:43:24.353Z] SOCKET_EVENT: [admin_visual_update] from eTaT5ubahI7JV5xoAAAF
[2026-02-05T20:43:24.366Z] SOCKET_EVENT: [admin_visual_update] from eTaT5ubahI7JV5xoAAAF
[2026-02-05T20:43:26.872Z] SOCKET_EVENT: [admin_visual_update] from eTaT5ubahI7JV5xoAAAF
[2026-02-05T20:43:26.887Z] SOCKET_EVENT: [admin_visual_update] from eTaT5ubahI7JV5xoAAAF
[2026-02-05T20:43:26.901Z] SOCKET_EVENT: [admin_visual_update] from eTaT5ubahI7JV5xoAAAF
[2026-02-05T20:43:26.915Z] SOCKET_EVENT: [admin_visual_update] from eTaT5ubahI7JV5xoAAAF
[2026-02-05T20:43:26.929Z] SOCKET_EVENT: [admin_visual_update] from eTaT5ubahI7JV5xoAAAF
[2026-02-05T20:43:26.943Z] SOCKET_EVENT: [admin_visual_update] from eTaT5ubahI7JV5xoAAAF
[2026-02-05T20:43:26.956Z] SOCKET_EVENT: [admin_visual_update] from eTaT5ubahI7JV5xoAAAF
[2026-02-05T20:43:26.971Z] SOCKET_EVENT: [admin_visual_update] from eTaT5ubahI7JV5xoAAAF
[2026-02-05T20:43:26.984Z] SOCKET_EVENT: [admin_visual_update] from eTaT5ubahI7JV5xoAAAF
[2026-02-05T20:43:26.998Z] SOCKET_EVENT: [admin_visual_update] from eTaT5ubahI7JV5xoAAAF
[2026-02-05T20:43:27.005Z] SOCKET_EVENT: [admin_visual_update] from eTaT5ubahI7JV5xoAAAF
[2026-02-05T20:43:27.019Z] SOCKET_EVENT: [admin_visual_update] from eTaT5ubahI7JV5xoAAAF
[2026-02-05T20:43:27.033Z] SOCKET_EVENT: [admin_visual_update] from eTaT5ubahI7JV5xoAAAF
[2026-02-05T20:43:27.047Z] SOCKET_EVENT: [admin_visual_update] from eTaT5ubahI7JV5xoAAAF
[2026-02-05T20:43:27.061Z] SOCKET_EVENT: [admin_visual_update] from eTaT5ubahI7JV5xoAAAF
[2026-02-05T20:43:27.074Z] SOCKET_EVENT: [admin_visual_update] from eTaT5ubahI7JV5xoAAAF
[2026-02-05T20:43:27.089Z] SOCKET_EVENT: [admin_visual_update] from eTaT5ubahI7JV5xoAAAF
[2026-02-05T20:43:27.102Z] SOCKET_EVENT: [admin_visual_update] from eTaT5ubahI7JV5xoAAAF
[2026-02-05T20:43:27.130Z] SOCKET_EVENT: [admin_visual_update] from eTaT5ubahI7JV5xoAAAF
[2026-02-05T20:43:27.166Z] SOCKET_EVENT: [admin_visual_update] from eTaT5ubahI7JV5xoAAAF
[2026-02-05T20:43:27.207Z] SOCKET_EVENT: [admin_visual_update] from eTaT5ubahI7JV5xoAAAF
[2026-02-05T20:43:27.360Z] SOCKET_EVENT: [admin_visual_update] from eTaT5ubahI7JV5xoAAAF
[2026-02-05T20:43:27.367Z] SOCKET_EVENT: [admin_visual_update] from eTaT5ubahI7JV5xoAAAF
[2026-02-05T20:43:27.380Z] SOCKET_EVENT: [admin_visual_update] from eTaT5ubahI7JV5xoAAAF
[2026-02-05T20:43:27.394Z] SOCKET_EVENT: [admin_visual_update] from eTaT5ubahI7JV5xoAAAF
[2026-02-05T20:43:27.408Z] SOCKET_EVENT: [admin_visual_update] from eTaT5ubahI7JV5xoAAAF
[2026-02-05T20:43:27.422Z] SOCKET_EVENT: [admin_visual_update] from eTaT5ubahI7JV5xoAAAF
[2026-02-05T20:43:27.436Z] SOCKET_EVENT: [admin_visual_update] from eTaT5ubahI7JV5xoAAAF
[2026-02-05T20:43:27.450Z] SOCKET_EVENT: [admin_visual_update] from eTaT5ubahI7JV5xoAAAF
[2026-02-05T20:43:27.463Z] SOCKET_EVENT: [admin_visual_update] from eTaT5ubahI7JV5xoAAAF
[2026-02-05T20:43:27.632Z] SOCKET_EVENT: [admin_visual_update] from eTaT5ubahI7JV5xoAAAF
[2026-02-05T20:43:27.651Z] SOCKET_EVENT: [admin_visual_update] from eTaT5ubahI7JV5xoAAAF
[2026-02-05T20:43:27.665Z] SOCKET_EVENT: [admin_visual_update] from eTaT5ubahI7JV5xoAAAF
[2026-02-05T20:43:27.679Z] SOCKET_EVENT: [admin_visual_update] from eTaT5ubahI7JV5xoAAAF
[2026-02-05T20:43:27.686Z] SOCKET_EVENT: [admin_visual_update] from eTaT5ubahI7JV5xoAAAF
[2026-02-05T20:43:27.700Z] SOCKET_EVENT: [admin_visual_update] from eTaT5ubahI7JV5xoAAAF
[2026-02-05T20:43:27.714Z] SOCKET_EVENT: [admin_visual_update] from eTaT5ubahI7JV5xoAAAF
[2026-02-05T20:43:27.727Z] SOCKET_EVENT: [admin_visual_update] from eTaT5ubahI7JV5xoAAAF
[2026-02-05T20:43:27.741Z] SOCKET_EVENT: [admin_visual_update] from eTaT5ubahI7JV5xoAAAF
[2026-02-05T20:43:27.755Z] SOCKET_EVENT: [admin_visual_update] from eTaT5ubahI7JV5xoAAAF
[2026-02-05T20:43:27.769Z] SOCKET_EVENT: [admin_visual_update] from eTaT5ubahI7JV5xoAAAF
[2026-02-05T20:43:27.799Z] SOCKET_EVENT: [admin_visual_update] from eTaT5ubahI7JV5xoAAAF
[2026-02-05T20:43:27.811Z] SOCKET_EVENT: [admin_visual_update] from eTaT5ubahI7JV5xoAAAF
[2026-02-05T20:43:27.825Z] SOCKET_EVENT: [admin_visual_update] from eTaT5ubahI7JV5xoAAAF
[2026-02-05T20:43:27.838Z] SOCKET_EVENT: [admin_visual_update] from eTaT5ubahI7JV5xoAAAF
[2026-02-05T20:43:27.845Z] SOCKET_EVENT: [admin_visual_update] from eTaT5ubahI7JV5xoAAAF
[2026-02-05T20:43:27.859Z] SOCKET_EVENT: [admin_visual_update] from eTaT5ubahI7JV5xoAAAF
[2026-02-05T20:43:27.873Z] SOCKET_EVENT: [admin_visual_update] from eTaT5ubahI7JV5xoAAAF
[2026-02-05T20:43:27.887Z] SOCKET_EVENT: [admin_visual_update] from eTaT5ubahI7JV5xoAAAF
[2026-02-05T20:43:27.902Z] SOCKET_EVENT: [admin_visual_update] from eTaT5ubahI7JV5xoAAAF
[2026-02-05T20:43:27.916Z] SOCKET_EVENT: [admin_visual_update] from eTaT5ubahI7JV5xoAAAF
[2026-02-05T20:43:27.930Z] SOCKET_EVENT: [admin_visual_update] from eTaT5ubahI7JV5xoAAAF
[2026-02-05T20:43:27.943Z] SOCKET_EVENT: [admin_visual_update] from eTaT5ubahI7JV5xoAAAF
[2026-02-05T20:43:27.971Z] SOCKET_EVENT: [admin_visual_update] from eTaT5ubahI7JV5xoAAAF
[2026-02-05T20:43:28.127Z] SOCKET_EVENT: [admin_visual_update] from eTaT5ubahI7JV5xoAAAF
[2026-02-05T20:43:28.144Z] SOCKET_EVENT: [admin_visual_update] from eTaT5ubahI7JV5xoAAAF
[2026-02-05T20:43:28.158Z] SOCKET_EVENT: [admin_visual_update] from eTaT5ubahI7JV5xoAAAF
[2026-02-05T20:43:28.172Z] SOCKET_EVENT: [admin_visual_update] from eTaT5ubahI7JV5xoAAAF
[2026-02-05T20:43:28.179Z] SOCKET_EVENT: [admin_visual_update] from eTaT5ubahI7JV5xoAAAF
[2026-02-05T20:43:28.194Z] SOCKET_EVENT: [admin_visual_update] from eTaT5ubahI7JV5xoAAAF
[2026-02-05T20:43:28.207Z] SOCKET_EVENT: [admin_visual_update] from eTaT5ubahI7JV5xoAAAF
[2026-02-05T20:43:28.221Z] SOCKET_EVENT: [admin_visual_update] from eTaT5ubahI7JV5xoAAAF
[2026-02-05T20:43:28.235Z] SOCKET_EVENT: [admin_visual_update] from eTaT5ubahI7JV5xoAAAF
[2026-02-05T20:43:28.248Z] SOCKET_EVENT: [admin_visual_update] from eTaT5ubahI7JV5xoAAAF
[2026-02-05T20:43:28.262Z] SOCKET_EVENT: [admin_visual_update] from eTaT5ubahI7JV5xoAAAF
[2026-02-05T20:43:28.276Z] SOCKET_EVENT: [admin_visual_update] from eTaT5ubahI7JV5xoAAAF
[2026-02-05T20:43:28.290Z] SOCKET_EVENT: [admin_visual_update] from eTaT5ubahI7JV5xoAAAF
[2026-02-05T20:43:28.306Z] SOCKET_EVENT: [admin_visual_update] from eTaT5ubahI7JV5xoAAAF
[2026-02-05T20:43:28.318Z] SOCKET_EVENT: [admin_visual_update] from eTaT5ubahI7JV5xoAAAF
[2026-02-05T20:43:28.331Z] SOCKET_EVENT: [admin_visual_update] from eTaT5ubahI7JV5xoAAAF
[2026-02-05T20:43:28.338Z] SOCKET_EVENT: [admin_visual_update] from eTaT5ubahI7JV5xoAAAF
[2026-02-05T20:43:28.353Z] SOCKET_EVENT: [admin_visual_update] from eTaT5ubahI7JV5xoAAAF
[2026-02-05T20:43:28.366Z] SOCKET_EVENT: [admin_visual_update] from eTaT5ubahI7JV5xoAAAF
[2026-02-05T20:43:28.380Z] SOCKET_EVENT: [admin_visual_update] from eTaT5ubahI7JV5xoAAAF
[2026-02-05T20:43:28.395Z] SOCKET_EVENT: [admin_visual_update] from eTaT5ubahI7JV5xoAAAF
[2026-02-05T20:43:28.408Z] SOCKET_EVENT: [admin_visual_update] from eTaT5ubahI7JV5xoAAAF
[2026-02-05T20:43:28.423Z] SOCKET_EVENT: [admin_visual_update] from eTaT5ubahI7JV5xoAAAF
[2026-02-05T20:43:28.436Z] SOCKET_EVENT: [admin_visual_update] from eTaT5ubahI7JV5xoAAAF
[2026-02-05T20:43:28.450Z] SOCKET_EVENT: [admin_visual_update] from eTaT5ubahI7JV5xoAAAF
[2026-02-05T20:43:28.477Z] SOCKET_EVENT: [admin_visual_update] from eTaT5ubahI7JV5xoAAAF
[2026-02-05T20:43:28.499Z] SOCKET_EVENT: [admin_visual_update] from eTaT5ubahI7JV5xoAAAF
[2026-02-05T20:43:28.512Z] SOCKET_EVENT: [admin_visual_update] from eTaT5ubahI7JV5xoAAAF
[2026-02-05T20:43:28.554Z] SOCKET_EVENT: [admin_visual_update] from eTaT5ubahI7JV5xoAAAF
[2026-02-05T20:43:28.568Z] SOCKET_EVENT: [admin_visual_update] from eTaT5ubahI7JV5xoAAAF
[2026-02-05T20:43:28.596Z] SOCKET_EVENT: [admin_visual_update] from eTaT5ubahI7JV5xoAAAF
[2026-02-05T20:43:28.943Z] SOCKET_EVENT: [admin_visual_update] from eTaT5ubahI7JV5xoAAAF
[2026-02-05T20:43:28.957Z] SOCKET_EVENT: [admin_visual_update] from eTaT5ubahI7JV5xoAAAF
[2026-02-05T20:43:28.970Z] SOCKET_EVENT: [admin_visual_update] from eTaT5ubahI7JV5xoAAAF
[2026-02-05T20:43:28.984Z] SOCKET_EVENT: [admin_visual_update] from eTaT5ubahI7JV5xoAAAF
[2026-02-05T20:43:28.998Z] SOCKET_EVENT: [admin_visual_update] from eTaT5ubahI7JV5xoAAAF
[2026-02-05T20:43:29.012Z] SOCKET_EVENT: [admin_visual_update] from eTaT5ubahI7JV5xoAAAF
[2026-02-05T20:43:29.026Z] SOCKET_EVENT: [admin_visual_update] from eTaT5ubahI7JV5xoAAAF
[2026-02-05T20:43:29.033Z] SOCKET_EVENT: [admin_visual_update] from eTaT5ubahI7JV5xoAAAF
[2026-02-05T20:43:29.047Z] SOCKET_EVENT: [admin_visual_update] from eTaT5ubahI7JV5xoAAAF
[2026-02-05T20:43:29.061Z] SOCKET_EVENT: [admin_visual_update] from eTaT5ubahI7JV5xoAAAF
[2026-02-05T20:43:29.075Z] SOCKET_EVENT: [admin_visual_update] from eTaT5ubahI7JV5xoAAAF
[2026-02-05T20:43:29.089Z] SOCKET_EVENT: [admin_visual_update] from eTaT5ubahI7JV5xoAAAF
[2026-02-05T20:43:29.116Z] SOCKET_EVENT: [admin_visual_update] from eTaT5ubahI7JV5xoAAAF
[2026-02-05T20:43:29.317Z] SOCKET_EVENT: [admin_visual_update] from eTaT5ubahI7JV5xoAAAF
[2026-02-05T20:43:29.333Z] SOCKET_EVENT: [admin_visual_update] from eTaT5ubahI7JV5xoAAAF
[2026-02-05T20:43:29.346Z] SOCKET_EVENT: [admin_visual_update] from eTaT5ubahI7JV5xoAAAF
[2026-02-05T20:43:29.355Z] SOCKET_EVENT: [admin_visual_update] from eTaT5ubahI7JV5xoAAAF
[2026-02-05T20:43:30.027Z] SOCKET_EVENT: [admin_visual_update] from eTaT5ubahI7JV5xoAAAF
[2026-02-05T20:43:30.061Z] SOCKET_EVENT: [admin_visual_update] from eTaT5ubahI7JV5xoAAAF
[2026-02-05T20:43:30.103Z] SOCKET_EVENT: [admin_visual_update] from eTaT5ubahI7JV5xoAAAF
[2026-02-05T20:43:30.131Z] SOCKET_EVENT: [admin_visual_update] from eTaT5ubahI7JV5xoAAAF
[2026-02-05T20:43:30.145Z] SOCKET_EVENT: [admin_visual_update] from eTaT5ubahI7JV5xoAAAF
[2026-02-05T20:43:30.172Z] SOCKET_EVENT: [admin_visual_update] from eTaT5ubahI7JV5xoAAAF
[2026-02-05T20:43:30.186Z] SOCKET_EVENT: [admin_visual_update] from eTaT5ubahI7JV5xoAAAF
[2026-02-05T20:43:30.207Z] SOCKET_EVENT: [admin_visual_update] from eTaT5ubahI7JV5xoAAAF
[2026-02-05T20:43:30.221Z] SOCKET_EVENT: [admin_visual_update] from eTaT5ubahI7JV5xoAAAF
[2026-02-05T20:43:30.408Z] SOCKET_EVENT: [admin_visual_update] from eTaT5ubahI7JV5xoAAAF
[2026-02-05T20:43:30.422Z] SOCKET_EVENT: [admin_visual_update] from eTaT5ubahI7JV5xoAAAF
[2026-02-05T20:43:30.450Z] SOCKET_EVENT: [admin_visual_update] from eTaT5ubahI7JV5xoAAAF
[2026-02-05T20:43:30.463Z] SOCKET_EVENT: [admin_visual_update] from eTaT5ubahI7JV5xoAAAF
[2026-02-05T20:43:30.479Z] SOCKET_EVENT: [admin_visual_update] from eTaT5ubahI7JV5xoAAAF
[2026-02-05T20:43:30.491Z] SOCKET_EVENT: [admin_visual_update] from eTaT5ubahI7JV5xoAAAF
[2026-02-05T20:43:30.505Z] SOCKET_EVENT: [admin_visual_update] from eTaT5ubahI7JV5xoAAAF
[2026-02-05T20:43:30.721Z] SOCKET_EVENT: [admin_visual_update] from eTaT5ubahI7JV5xoAAAF
[2026-02-05T21:46:50.627Z] --- SERVER HANDLER STARTED ---
[2026-02-06T11:13:37.388Z] --- SERVER HANDLER STARTED ---
[2026-02-07T11:22:46.886Z] --- SERVER HANDLER STARTED ---
[2026-02-07T16:10:51.873Z] --- SERVER HANDLER STARTED ---
[2026-02-08T00:32:23.460Z] --- SERVER HANDLER STARTED ---
[2026-02-08T01:07:27.221Z] CLIENT CONNECTED: XDBNNqKZxOwXgHrDAAAB
[2026-02-08T01:07:28.666Z] SOCKET_EVENT: [quick_join] from XDBNNqKZxOwXgHrDAAAB
[2026-02-08T01:07:28.667Z] EVENT: quick_join received from XDBNNqKZxOwXgHrDAAAB
[2026-02-08T01:07:28.667Z] QUICK_JOIN: findQuickRoom returned null
[2026-02-08T01:07:28.667Z] QUICK_JOIN: Creating new room...
[2026-02-08T01:07:28.668Z] QUICK_JOIN: createRoom success. Code: QJ9QJ6
[2026-02-08T01:07:28.670Z] QUICK_JOIN: Create flow completed for QJ9QJ6
[2026-02-08T01:07:29.900Z] SOCKET_EVENT: [debug_add_bot] from XDBNNqKZxOwXgHrDAAAB
[2026-02-08T01:07:30.076Z] SOCKET_EVENT: [debug_add_bot] from XDBNNqKZxOwXgHrDAAAB
[2026-02-08T01:07:31.533Z] SOCKET_EVENT: [start_game] from XDBNNqKZxOwXgHrDAAAB
[2026-02-08T01:13:12.931Z] CLIENT CONNECTED: A5lUvm9mzADNB6wzAAAD
[2026-02-08T01:15:24.668Z] SOCKET_EVENT: [quick_join] from A5lUvm9mzADNB6wzAAAD
[2026-02-08T01:15:24.669Z] EVENT: quick_join received from A5lUvm9mzADNB6wzAAAD
[2026-02-08T01:15:24.670Z] QUICK_JOIN: findQuickRoom returned null
[2026-02-08T01:15:24.670Z] QUICK_JOIN: Creating new room...
[2026-02-08T01:15:24.670Z] QUICK_JOIN: createRoom success. Code: KUEMAH
[2026-02-08T01:15:24.671Z] QUICK_JOIN: Create flow completed for KUEMAH
[2026-02-08T01:15:26.205Z] SOCKET_EVENT: [debug_add_bot] from A5lUvm9mzADNB6wzAAAD
[2026-02-08T01:15:29.008Z] SOCKET_EVENT: [debug_add_bot] from A5lUvm9mzADNB6wzAAAD
[2026-02-08T01:15:30.177Z] SOCKET_EVENT: [start_game] from A5lUvm9mzADNB6wzAAAD
[2026-02-08T01:19:16.202Z] CLIENT CONNECTED: WxJoZslCVzHh-fH6AAAF
[2026-02-08T01:19:19.077Z] SOCKET_EVENT: [quick_join] from WxJoZslCVzHh-fH6AAAF
[2026-02-08T01:19:19.078Z] EVENT: quick_join received from WxJoZslCVzHh-fH6AAAF
[2026-02-08T01:19:19.078Z] QUICK_JOIN: findQuickRoom returned null
[2026-02-08T01:19:19.078Z] QUICK_JOIN: Creating new room...
[2026-02-08T01:19:19.079Z] QUICK_JOIN: createRoom success. Code: MFE87B
[2026-02-08T01:19:19.079Z] QUICK_JOIN: Create flow completed for MFE87B
[2026-02-08T01:19:20.411Z] SOCKET_EVENT: [debug_add_bot] from WxJoZslCVzHh-fH6AAAF
[2026-02-08T01:19:21.015Z] SOCKET_EVENT: [start_game] from WxJoZslCVzHh-fH6AAAF
[2026-02-08T02:02:13.549Z] CLIENT CONNECTED: Hgy-ywmrvqGaPGL3AAAH
[2026-02-08T23:22:22.985Z] --- SERVER HANDLER STARTED ---
[2026-02-09T10:38:14.233Z] --- SERVER HANDLER STARTED ---
[2026-02-09T20:41:55.402Z] --- SERVER HANDLER STARTED ---
[2026-02-10T11:28:31.181Z] --- SERVER HANDLER STARTED ---
[2026-02-10T19:08:55.646Z] --- SERVER HANDLER STARTED ---
[2026-02-10T23:35:05.521Z] CLIENT CONNECTED: vKRqPW-2m7vTti5tAAAB
[2026-02-11T11:41:54.340Z] --- SERVER HANDLER STARTED ---
[2026-02-11T18:06:32.751Z] CLIENT CONNECTED: 5p92u4--54y43x56AAAB
[2026-02-11T21:51:59.861Z] --- SERVER HANDLER STARTED ---
[2026-02-12T09:07:55.774Z] --- SERVER HANDLER STARTED ---
[2026-02-12T10:26:56.204Z] --- SERVER HANDLER STARTED ---
[2026-02-12T15:32:43.699Z] CLIENT CONNECTED: gQvYF7Pw3TCYwiY8AAAB
[2026-02-13T12:51:54.363Z] --- SERVER HANDLER STARTED ---
[2026-02-13T23:45:35.735Z] --- SERVER HANDLER STARTED ---
[2026-02-17T22:37:56.523Z] --- SERVER HANDLER STARTED ---
[2026-02-18T16:50:41.857Z] --- SERVER HANDLER STARTED ---
[2026-02-21T03:14:38.820Z] --- SERVER HANDLER STARTED ---
[2026-02-23T00:31:16.801Z] --- SERVER HANDLER STARTED ---
[2026-02-23T10:21:17.556Z] --- SERVER HANDLER STARTED ---
[2026-02-23T15:24:00.941Z] CLIENT CONNECTED: e_m2-froVhX6aM10AAAB
[2026-02-24T00:08:32.603Z] --- SERVER HANDLER STARTED ---
[2026-02-24T10:55:00.049Z] --- SERVER HANDLER STARTED ---
[2026-02-25T10:20:43.302Z] --- SERVER HANDLER STARTED ---
[2026-02-25T21:53:26.883Z] --- SERVER HANDLER STARTED ---
[2026-02-25T22:48:21.711Z] CLIENT CONNECTED: NQibPyruGbf0yGSGAAAB
[2026-02-26T10:56:40.477Z] --- SERVER HANDLER STARTED ---
[2026-02-26T21:48:49.188Z] --- SERVER HANDLER STARTED ---
[2026-02-27T10:27:51.452Z] --- SERVER HANDLER STARTED ---
[2026-02-27T20:29:58.597Z] --- SERVER HANDLER STARTED ---
[2026-02-28T10:34:01.811Z] --- SERVER HANDLER STARTED ---
[2026-03-01T13:16:21.247Z] --- SERVER HANDLER STARTED ---
[2026-03-01T18:54:50.639Z] --- SERVER HANDLER STARTED ---
[2026-03-02T10:57:08.724Z] --- SERVER HANDLER STARTED ---
[2026-03-02T15:41:30.877Z] --- SERVER HANDLER STARTED ---
[2026-03-03T01:36:24.063Z] CLIENT CONNECTED: xTTsytDzvh4dKb5YAAAB
[2026-03-03T01:39:19.441Z] CLIENT CONNECTED: E97x4n2e3qmvr-DOAAAD
[2026-03-03T01:40:13.222Z] CLIENT CONNECTED: KtJ7gUhKMLmoXvpEAAAF
[2026-03-03T11:24:18.705Z] --- SERVER HANDLER STARTED ---
[2026-03-03T15:03:46.407Z] CLIENT CONNECTED: 2XPpzoRKOmX107MmAAAB
[2026-03-04T02:33:15.683Z] --- SERVER HANDLER STARTED ---
[2026-03-04T10:30:38.428Z] --- SERVER HANDLER STARTED ---
[2026-03-04T14:29:04.340Z] CLIENT CONNECTED: QtjE03pYI04InEBLAAAB
[2026-03-05T11:05:05.088Z] --- SERVER HANDLER STARTED ---
[2026-03-05T14:21:36.575Z] CLIENT CONNECTED: S6QeUtILI_as44lGAAAB
[2026-03-05T20:55:31.061Z] CLIENT CONNECTED: gMhG7T4eJSuKkK4nAAAD
[2026-03-05T21:58:20.295Z] --- SERVER HANDLER STARTED ---
[2026-03-06T11:29:43.414Z] --- SERVER HANDLER STARTED ---
[2026-03-07T01:06:46.175Z] CLIENT CONNECTED: yrtwHCrQcD_94ajkAAAB
[2026-03-07T10:56:49.023Z] --- SERVER HANDLER STARTED ---
[2026-03-07T11:23:20.292Z] CLIENT CONNECTED: zcabx91WyvGA_pIIAAAB
[2026-03-08T11:37:45.387Z] --- SERVER HANDLER STARTED ---
[2026-03-08T22:14:42.429Z] --- SERVER HANDLER STARTED ---
[2026-03-09T01:52:46.985Z] --- SERVER HANDLER STARTED ---
[2026-03-09T10:41:06.109Z] --- SERVER HANDLER STARTED ---
[2026-03-10T01:31:41.892Z] --- SERVER HANDLER STARTED ---
[2026-03-10T04:37:38.242Z] --- SERVER HANDLER STARTED ---
[2026-03-10T11:18:17.440Z] --- SERVER HANDLER STARTED ---
[2026-03-10T14:23:14.623Z] CLIENT CONNECTED: vQ2Qk3dz9GwPlYIvAAAB
[2026-03-11T04:28:19.356Z] --- SERVER HANDLER STARTED ---
[2026-03-11T10:12:25.717Z] --- SERVER HANDLER STARTED ---
[2026-03-12T11:18:53.281Z] --- SERVER HANDLER STARTED ---
[2026-03-12T18:40:00.279Z] CLIENT CONNECTED: J2zMWL2yNCCRkbyhAAAB
[2026-03-13T11:47:45.355Z] --- SERVER HANDLER STARTED ---
[2026-03-14T02:43:14.213Z] --- SERVER HANDLER STARTED ---
[2026-03-14T12:20:58.360Z] --- SERVER HANDLER STARTED ---
[2026-03-14T21:28:29.494Z] --- SERVER HANDLER STARTED ---
[2026-03-15T15:39:42.989Z] --- SERVER HANDLER STARTED ---
[2026-03-16T09:30:03.701Z] --- SERVER HANDLER STARTED ---
[2026-03-16T22:32:35.086Z] CLIENT CONNECTED: 4SEvI34WZ5TIx8f3AAAB
[2026-03-16T22:32:40.902Z] SOCKET_EVENT: [update_profile] from 4SEvI34WZ5TIx8f3AAAB
[2026-03-16T22:32:41.385Z] SOCKET_EVENT: [update_profile] from 4SEvI34WZ5TIx8f3AAAB
[2026-03-16T22:32:42.011Z] SOCKET_EVENT: [update_profile] from 4SEvI34WZ5TIx8f3AAAB
[2026-03-16T22:32:44.506Z] SOCKET_EVENT: [update_profile] from 4SEvI34WZ5TIx8f3AAAB
[2026-03-16T22:32:47.650Z] SOCKET_EVENT: [update_profile] from 4SEvI34WZ5TIx8f3AAAB
[2026-03-16T22:32:47.868Z] SOCKET_EVENT: [update_profile] from 4SEvI34WZ5TIx8f3AAAB
[2026-03-16T22:32:51.395Z] SOCKET_EVENT: [quick_join] from 4SEvI34WZ5TIx8f3AAAB
[2026-03-16T22:32:51.395Z] EVENT: quick_join received from 4SEvI34WZ5TIx8f3AAAB
[2026-03-16T22:32:51.396Z] QUICK_JOIN: findQuickRoom returned null
[2026-03-16T22:32:51.396Z] QUICK_JOIN: Creating new room...
[2026-03-16T22:32:51.396Z] QUICK_JOIN: createRoom success. Code: UBFWBO
[2026-03-16T22:32:51.397Z] QUICK_JOIN: Create flow completed for UBFWBO
[2026-03-16T22:32:52.784Z] SOCKET_EVENT: [debug_add_bot] from 4SEvI34WZ5TIx8f3AAAB
[2026-03-16T22:32:52.996Z] SOCKET_EVENT: [debug_add_bot] from 4SEvI34WZ5TIx8f3AAAB
[2026-03-16T22:32:53.200Z] SOCKET_EVENT: [debug_add_bot] from 4SEvI34WZ5TIx8f3AAAB
[2026-03-16T22:32:53.364Z] SOCKET_EVENT: [debug_add_bot] from 4SEvI34WZ5TIx8f3AAAB
[2026-03-16T22:32:54.115Z] SOCKET_EVENT: [leave_room] from 4SEvI34WZ5TIx8f3AAAB
[2026-03-16T22:32:55.353Z] SOCKET_EVENT: [quick_join] from 4SEvI34WZ5TIx8f3AAAB
[2026-03-16T22:32:55.353Z] EVENT: quick_join received from 4SEvI34WZ5TIx8f3AAAB
[2026-03-16T22:32:55.353Z] QUICK_JOIN: findQuickRoom returned UBFWBO
[2026-03-16T22:32:55.353Z] QUICK_JOIN: joinRoom status: SUCCESS
[2026-03-16T22:32:55.354Z] QUICK_JOIN: Join flow completed for UBFWBO
[2026-03-16T22:32:58.021Z] SOCKET_EVENT: [leave_room] from 4SEvI34WZ5TIx8f3AAAB
[2026-03-16T22:32:59.484Z] SOCKET_EVENT: [quick_join] from 4SEvI34WZ5TIx8f3AAAB
[2026-03-16T22:32:59.485Z] EVENT: quick_join received from 4SEvI34WZ5TIx8f3AAAB
[2026-03-16T22:32:59.485Z] QUICK_JOIN: findQuickRoom returned UBFWBO
[2026-03-16T22:32:59.485Z] QUICK_JOIN: joinRoom status: SUCCESS
[2026-03-16T22:32:59.485Z] QUICK_JOIN: Join flow completed for UBFWBO
[2026-03-16T22:33:00.987Z] SOCKET_EVENT: [leave_room] from 4SEvI34WZ5TIx8f3AAAB
[2026-03-16T22:34:46.169Z] CLIENT CONNECTED: T2QTfkv4JhutwpQUAAAD
[2026-03-16T22:34:46.713Z] CLIENT CONNECTED: L6wJb2ACuTVMMIhOAAAF
[2026-03-16T22:34:46.890Z] CLIENT CONNECTED: -extFlybnjVnjZQiAAAH
[2026-03-16T22:34:47.074Z] CLIENT CONNECTED: ndBhAwB08KOmrySuAAAJ
[2026-03-16T22:34:47.255Z] CLIENT CONNECTED: euZdoveLF7cYzettAAAL
[2026-03-16T22:34:47.719Z] SOCKET_EVENT: [quick_join] from euZdoveLF7cYzettAAAL
[2026-03-16T22:34:47.720Z] EVENT: quick_join received from euZdoveLF7cYzettAAAL
[2026-03-16T22:34:47.720Z] QUICK_JOIN: findQuickRoom returned UBFWBO
[2026-03-16T22:34:47.720Z] QUICK_JOIN: joinRoom status: SUCCESS
[2026-03-16T22:34:47.720Z] QUICK_JOIN: Join flow completed for UBFWBO
[2026-03-16T23:43:31.424Z] CLIENT CONNECTED: kw_QE4vB4DQCabftAAAN
[2026-03-16T23:43:38.502Z] SOCKET_EVENT: [create_room] from kw_QE4vB4DQCabftAAAN
[2026-03-16T23:43:39.932Z] SOCKET_EVENT: [debug_add_bot] from kw_QE4vB4DQCabftAAAN
[2026-03-16T23:43:40.481Z] SOCKET_EVENT: [debug_add_bot] from kw_QE4vB4DQCabftAAAN
[2026-03-16T23:43:42.095Z] SOCKET_EVENT: [start_game] from kw_QE4vB4DQCabftAAAN
[2026-03-16T23:47:04.606Z] CLIENT CONNECTED: _E0KmViWtgOege8gAAAP
[2026-03-16T23:47:08.383Z] SOCKET_EVENT: [create_room] from _E0KmViWtgOege8gAAAP
[2026-03-16T23:47:09.722Z] SOCKET_EVENT: [debug_add_bot] from _E0KmViWtgOege8gAAAP
[2026-03-16T23:47:10.576Z] SOCKET_EVENT: [start_game] from _E0KmViWtgOege8gAAAP
[2026-03-16T23:51:08.253Z] CLIENT CONNECTED: qX_7YfWRm3hX1Zw4AAAR
[2026-03-16T23:51:11.154Z] SOCKET_EVENT: [create_room] from qX_7YfWRm3hX1Zw4AAAR
[2026-03-16T23:51:11.926Z] SOCKET_EVENT: [debug_add_bot] from qX_7YfWRm3hX1Zw4AAAR
[2026-03-16T23:51:13.128Z] SOCKET_EVENT: [debug_add_bot] from qX_7YfWRm3hX1Zw4AAAR
[2026-03-16T23:51:14.904Z] SOCKET_EVENT: [start_game] from qX_7YfWRm3hX1Zw4AAAR
[2026-03-16T23:54:46.096Z] CLIENT CONNECTED: CQPzUMma_obMb8JQAAAT
[2026-03-16T23:54:48.597Z] CLIENT CONNECTED: z5bET30BTOFurn5XAAAV
[2026-03-16T23:54:50.532Z] SOCKET_EVENT: [create_room] from z5bET30BTOFurn5XAAAV
[2026-03-16T23:54:51.458Z] SOCKET_EVENT: [debug_add_bot] from z5bET30BTOFurn5XAAAV
[2026-03-16T23:54:52.527Z] SOCKET_EVENT: [debug_add_bot] from z5bET30BTOFurn5XAAAV
[2026-03-16T23:54:54.089Z] SOCKET_EVENT: [start_game] from z5bET30BTOFurn5XAAAV
[2026-03-16T23:58:36.537Z] CLIENT CONNECTED: lpgVAJztnoFu9nl4AAAX
[2026-03-16T23:58:39.453Z] SOCKET_EVENT: [create_room] from lpgVAJztnoFu9nl4AAAX
[2026-03-16T23:58:40.376Z] SOCKET_EVENT: [debug_add_bot] from lpgVAJztnoFu9nl4AAAX
[2026-03-16T23:58:40.860Z] SOCKET_EVENT: [debug_add_bot] from lpgVAJztnoFu9nl4AAAX
[2026-03-16T23:58:41.818Z] SOCKET_EVENT: [start_game] from lpgVAJztnoFu9nl4AAAX
[2026-03-17T00:02:08.633Z] CLIENT CONNECTED: 1E-TIsSyAQ0TQGuGAAAZ
[2026-03-17T00:23:49.363Z] CLIENT CONNECTED: nJbwCtVni1EXQIjBAAAb
[2026-03-17T00:30:31.256Z] CLIENT CONNECTED: sPXmh_6Mti8FR5ZWAAAd
[2026-03-17T00:37:55.150Z] CLIENT CONNECTED: wsRz2WET4dqoKMW7AAAf
[2026-03-17T00:40:14.073Z] CLIENT CONNECTED: jr0LyeNYIQdhBxojAAAh
[2026-03-17T00:50:19.367Z] --- SERVER HANDLER STARTED ---
[2026-03-17T00:51:17.786Z] --- SERVER HANDLER STARTED ---
[2026-03-17T00:51:30.047Z] --- SERVER HANDLER STARTED ---
[2026-03-17T00:51:50.302Z] --- SERVER HANDLER STARTED ---
[2026-03-17T00:52:40.798Z] --- SERVER HANDLER STARTED ---
[2026-03-17T00:53:39.871Z] --- SERVER HANDLER STARTED ---
[2026-03-17T00:54:36.161Z] --- SERVER HANDLER STARTED ---
[2026-03-17T00:55:57.609Z] --- SERVER HANDLER STARTED ---
[2026-03-17T00:56:55.399Z] CLIENT CONNECTED: uEL9AhEUs4RjHk-TAAAB
[2026-03-17T00:57:25.950Z] CLIENT CONNECTED: _lYI0_1vBF1LWbbAAAAD
[2026-03-17T10:14:03.800Z] --- SERVER HANDLER STARTED ---
[2026-03-17T20:10:57.106Z] --- SERVER HANDLER STARTED ---
[2026-03-17T20:12:18.305Z] CLIENT CONNECTED: Qz59P6cuXyzIZUYtAAAB
[2026-03-17T20:12:44.640Z] SOCKET_EVENT: [update_profile] from Qz59P6cuXyzIZUYtAAAB
[2026-03-17T20:14:48.055Z] SOCKET_EVENT: [update_profile] from Qz59P6cuXyzIZUYtAAAB
[2026-03-17T20:19:59.665Z] CLIENT CONNECTED: yfvMrpUX5WkYqjxGAAAD
[2026-03-17T20:19:59.718Z] SOCKET_EVENT: [update_profile] from yfvMrpUX5WkYqjxGAAAD
[2026-03-17T20:20:02.977Z] CLIENT CONNECTED: i5uKWqi27y7jz-tqAAAF
[2026-03-17T20:20:11.124Z] SOCKET_EVENT: [update_profile] from i5uKWqi27y7jz-tqAAAF
[2026-03-17T20:20:15.857Z] SOCKET_EVENT: [quick_join] from i5uKWqi27y7jz-tqAAAF
[2026-03-17T20:20:15.858Z] EVENT: quick_join received from i5uKWqi27y7jz-tqAAAF
[2026-03-17T20:20:15.858Z] QUICK_JOIN: findQuickRoom returned null
[2026-03-17T20:20:15.859Z] QUICK_JOIN: Creating new room...
[2026-03-17T20:20:15.859Z] QUICK_JOIN: createRoom success. Code: LZEP6W
[2026-03-17T20:20:15.860Z] QUICK_JOIN: Create flow completed for LZEP6W
[2026-03-17T20:20:17.489Z] SOCKET_EVENT: [leave_room] from i5uKWqi27y7jz-tqAAAF
[2026-03-17T20:20:22.185Z] SOCKET_EVENT: [create_room] from i5uKWqi27y7jz-tqAAAF
[2026-03-17T20:20:31.619Z] SOCKET_EVENT: [update_profile] from i5uKWqi27y7jz-tqAAAF
[2026-03-17T20:26:13.837Z] CLIENT CONNECTED: obsslFSvAufVxiUcAAAH
[2026-03-17T20:26:13.846Z] SOCKET_EVENT: [update_profile] from obsslFSvAufVxiUcAAAH
[2026-03-17T20:28:15.674Z] CLIENT CONNECTED: jDhoHqPd_FofmDGhAAAJ
[2026-03-17T20:28:15.695Z] SOCKET_EVENT: [update_profile] from jDhoHqPd_FofmDGhAAAJ
[2026-03-17T20:30:00.499Z] CLIENT CONNECTED: hgnpyLUTn0TUXOyOAAAL
[2026-03-17T20:30:00.518Z] SOCKET_EVENT: [update_profile] from hgnpyLUTn0TUXOyOAAAL
[2026-03-17T20:30:12.603Z] SOCKET_EVENT: [update_profile] from hgnpyLUTn0TUXOyOAAAL
[2026-03-17T20:30:13.549Z] SOCKET_EVENT: [update_profile] from hgnpyLUTn0TUXOyOAAAL
[2026-03-17T20:30:22.270Z] CLIENT CONNECTED: V63TAiRf_bDN5cP2AAAN
